Step  1 :

Step  2 :

Step  3 :

Step  4 :

Step  5 :

Step  6 :

Step  7 :

Step  8 :

Step  9 :

Step  10 :

Step  11 :

Step  12 :

Step  13 :

Step  14 :

Step  15 :

Step  16 :

Step  17 :

Step  18 :

Step  19 :

Step  20 :

Step  1 :

Step  2 :

Step  3 :

Step  4 :

Step  5 :

Step  6 :

Step  7 :

Step  8 :

Step  9 :

Step  10 :

Step  11 :

Step  12 :

Step  13 :

Step  14 :

Step  15 :

Step  16 :

Step  17 :

Step  18 :

Step  19 :

Step  20 :

Step  1 :

Step  2 :

Step  3 :

Step  4 :

Step  5 :

Step  6 :

Step  7 :

Step  8 :

Step  9 :

Step  10 :

Step  11 :

Step  12 :

Step  13 :

Step  14 :

Step  15 :

Step  16 :

Step  17 :

Step  18 :

Step  19 :

Step  20 :

Step  1 :

Step  2 :

Step  3 :

Step  4 :

Step  5 :

Step  6 :

Step  7 :

Step  8 :

Step  9 :

Step  10 :

Step  11 :

Step  12 :

Step  13 :

Step  14 :

Step  15 :

Step  16 :

Step  17 :

Step  18 :

Step  19 :

Step  20 :

Step  1 :

Step  2 :

Step  3 :

Step  4 :

Step  5 :

Step  6 :

Step  7 :

Step  8 :

Step  9 :

Step  10 :

Step  11 :

Step  12 :

Step  13 :

Step  14 :

Step  15 :

Step  16 :

Step  17 :

Step  18 :

Step  19 :

Step  20 :

Step  1 :

Step  2 :

Step  3 :

Step  4 :

Step  5 :

Step  6 :

Step  7 :

Step  8 :

Step  9 :

Step  10 :

Step  11 :

Step  12 :

Step  13 :

Step  14 :

Step  15 :

Step  16 :

Step  17 :

Step  18 :

Step  19 :

Step  20 :

Step  1 :

Step  2 :

Step  3 :

Step  4 :

Step  5 :

Step  6 :

Step  7 :

Step  8 :

Step  9 :

Step  10 :

Step  11 :

Step  12 :

Step  13 :

Step  14 :

Step  15 :

Step  16 :

Step  17 :

Step  18 :

Step  19 :

Step  20 :

Step  1 :

Step  2 :

Step  3 :

Step  4 :

Step  5 :

Step  6 :

Step  7 :

Step  8 :

Step  9 :

Step  10 :

Step  11 :

Step  12 :

Step  13 :

Step  14 :

Step  15 :

Step  16 :

Step  17 :

Step  18 :

Step  19 :

Step  20 :

Step  1 :

Step  2 :

Step  3 :

Step  4 :

Step  5 :

Step  6 :

Step  7 :

Step  8 :

Step  9 :

Step  10 :

Step  11 :

Step  12 :

Step  13 :

Step  14 :

Step  15 :

Step  16 :

Step  17 :

Step  18 :

Step  19 :

Step  20 :

Step  1 :

Step  2 :

Step  3 :

Step  4 :

Step  5 :

Step  6 :

Step  7 :

Step  8 :

Step  9 :

Step  10 :

Step  11 :

Step  12 :

Step  13 :

Step  14 :

Step  15 :

Step  16 :

Step  17 :

Step  18 :

Step  19 :

Step  20 :

Step  1 :

Step  2 :

Step  3 :

Step  4 :

Step  5 :

Step  6 :

Step  7 :

Step  8 :

Step  9 :

Step  10 :

Step  11 :

Step  12 :

Step  13 :

Step  14 :

Step  15 :

Step  16 :

Step  17 :

Step  18 :

Step  19 :

Step  20 :

Step  1 :

Step  2 :

Step  3 :

Step  4 :

Step  5 :

Step  6 :

Step  7 :

Step  8 :

Step  9 :

Step  10 :

Step  11 :

Step  12 :

Step  13 :

Step  14 :

Step  15 :

Step  16 :

Step  17 :

Step  18 :

Step  19 :

Step  20 :

Step  1 :

Step  2 :

Step  3 :

Step  4 :

Step  5 :

Step  6 :

Step  7 :

Step  8 :

Step  9 :

Step  10 :

Step  11 :

Step  12 :

Step  13 :

Step  14 :

Step  15 :

Step  16 :

Step  17 :

Step  18 :

Step  19 :

Step  20 :

Step  1 :

Step  2 :

Step  3 :

Step  4 :

Step  5 :

Step  6 :

Step  7 :

Step  8 :

Step  9 :

Step  10 :

Step  11 :

Step  12 :

Step  13 :

Step  14 :

Step  15 :

Step  16 :

Step  17 :

Step  18 :

Step  19 :

Step  20 :

Step  1 :

Step  2 :

Step  3 :

Step  4 :

Step  5 :

Step  6 :

Step  7 :

Step  8 :

Step  9 :

Step  10 :

Step  11 :

Step  12 :

Step  13 :

Step  14 :

Step  15 :

Step  16 :

Step  17 :

Step  18 :

Step  19 :

Step  20 :

The lambda is:  0
--- 4697.400906085968 seconds ---
--- 4186.611610174179 seconds ---
Traceback (most recent call last):
  File "covid_GH.py", line 23, in <module>
    [beta, mu, lam, score] = GH(k, data, out)
  File "/Users/wli17/Documents/GLMM/GLMM/Covid_GH/GLMM_GH.py", line 299, in GH
    return [optimized_beta, optimized_mu, optimized_lam, optimized_score]
UnboundLocalError: local variable 'optimized_beta' referenced before assignment
Traceback (most recent call last):
  File "covid_GH.py", line 23, in <module>
    [beta, mu, lam, score] = GH(k, data, out)
  File "/Users/wli17/Documents/GLMM/GLMM/Covid_GH/GLMM_GH.py", line 299, in GH
    return [optimized_beta, optimized_mu, optimized_lam, optimized_score]
UnboundLocalError: local variable 'optimized_beta' referenced before assignment
--- 4130.203022956848 seconds ---
